Performing C SOURCE FILE Test CMAKE_HAVE_LIBC_PTHREAD failed with the following output:
Change Dir: /media/canyu/Data2/MyProject/Cuda/Getting-Start-With-CUDA/01-RGB2GRAY/build/CMakeFiles/CMakeTmp

Run Build Command(s):/usr/bin/make cmTC_9fc0b/fast && /usr/bin/make  -f CMakeFiles/cmTC_9fc0b.dir/build.make CMakeFiles/cmTC_9fc0b.dir/build
make[1]: Entering directory '/media/canyu/Data2/MyProject/Cuda/Getting-Start-With-CUDA/01-RGB2GRAY/build/CMakeFiles/CMakeTmp'
Building C object CMakeFiles/cmTC_9fc0b.dir/src.c.o
/usr/bin/cc -DCMAKE_HAVE_LIBC_PTHREAD  -fPIC  -o CMakeFiles/cmTC_9fc0b.dir/src.c.o -c /media/canyu/Data2/MyProject/Cuda/Getting-Start-With-CUDA/01-RGB2GRAY/build/CMakeFiles/CMakeTmp/src.c
Linking C executable cmTC_9fc0b
/usr/local/bin/cmake -E cmake_link_script CMakeFiles/cmTC_9fc0b.dir/link.txt --verbose=1
/usr/bin/cc -fPIC  CMakeFiles/cmTC_9fc0b.dir/src.c.o -o cmTC_9fc0b 
CMakeFiles/cmTC_9fc0b.dir/src.c.o：在函数‘main’中：
src.c:(.text+0x3e)：对‘pthread_create’未定义的引用
src.c:(.text+0x4a)：对‘pthread_detach’未定义的引用
src.c:(.text+0x56)：对‘pthread_cancel’未定义的引用
src.c:(.text+0x67)：对‘pthread_join’未定义的引用
src.c:(.text+0x7b)：对‘pthread_atfork’未定义的引用
collect2: error: ld returned 1 exit status
CMakeFiles/cmTC_9fc0b.dir/build.make:105: recipe for target 'cmTC_9fc0b' failed
make[1]: *** [cmTC_9fc0b] Error 1
make[1]: Leaving directory '/media/canyu/Data2/MyProject/Cuda/Getting-Start-With-CUDA/01-RGB2GRAY/build/CMakeFiles/CMakeTmp'
Makefile:140: recipe for target 'cmTC_9fc0b/fast' failed
make: *** [cmTC_9fc0b/fast] Error 2


Source file was:
#include <pthread.h>

static void* test_func(void* data)
{
  return data;
}

int main(void)
{
  pthread_t thread;
  pthread_create(&thread, NULL, test_func, NULL);
  pthread_detach(thread);
  pthread_cancel(thread);
  pthread_join(thread, NULL);
  pthread_atfork(NULL, NULL, NULL);
  pthread_exit(NULL);

  return 0;
}

Determining if the function pthread_create exists in the pthreads failed with the following output:
Change Dir: /media/canyu/Data2/MyProject/Cuda/Getting-Start-With-CUDA/01-RGB2GRAY/build/CMakeFiles/CMakeTmp

Run Build Command(s):/usr/bin/make cmTC_c81c0/fast && /usr/bin/make  -f CMakeFiles/cmTC_c81c0.dir/build.make CMakeFiles/cmTC_c81c0.dir/build
make[1]: Entering directory '/media/canyu/Data2/MyProject/Cuda/Getting-Start-With-CUDA/01-RGB2GRAY/build/CMakeFiles/CMakeTmp'
Building C object CMakeFiles/cmTC_c81c0.dir/CheckFunctionExists.c.o
/usr/bin/cc   -fPIC -DCHECK_FUNCTION_EXISTS=pthread_create -o CMakeFiles/cmTC_c81c0.dir/CheckFunctionExists.c.o -c /usr/local/share/cmake-3.19/Modules/CheckFunctionExists.c
Linking C executable cmTC_c81c0
/usr/local/bin/cmake -E cmake_link_script CMakeFiles/cmTC_c81c0.dir/link.txt --verbose=1
/usr/bin/cc -fPIC -DCHECK_FUNCTION_EXISTS=pthread_create CMakeFiles/cmTC_c81c0.dir/CheckFunctionExists.c.o -o cmTC_c81c0  -lpthreads 
/usr/bin/ld: 找不到 -lpthreads
collect2: error: ld returned 1 exit status
CMakeFiles/cmTC_c81c0.dir/build.make:105: recipe for target 'cmTC_c81c0' failed
make[1]: *** [cmTC_c81c0] Error 1
make[1]: Leaving directory '/media/canyu/Data2/MyProject/Cuda/Getting-Start-With-CUDA/01-RGB2GRAY/build/CMakeFiles/CMakeTmp'
Makefile:140: recipe for target 'cmTC_c81c0/fast' failed
make: *** [cmTC_c81c0/fast] Error 2



